#
# There is insufficient memory for the Java Runtime Environment to continue.
# Native memory allocation (mmap) failed to map 130023424 bytes for G1 virtual space
# Possible reasons:
#   The system is out of physical RAM or swap space
#   The process is running with CompressedOops enabled, and the Java Heap may be blocking the growth of the native heap
# Possible solutions:
#   Reduce memory load on the system
#   Increase physical memory or swap space
#   Check if swap backing store is full
#   Decrease Java heap size (-Xmx/-Xms)
#   Decrease number of Java threads
#   Decrease Java thread stack sizes (-Xss)
#   Set larger code cache with -XX:ReservedCodeCacheSize=
#   JVM is running with Unscaled Compressed Oops mode in which the Java heap is
#     placed in the first 4GB address space. The Java Heap base address is the
#     maximum limit for the native heap growth. Please use -XX:HeapBaseMinAddress
#     to set the Java Heap base and to place the Java Heap above 4GB virtual address.
# This output file may be truncated or incomplete.
#
#  Out of Memory Error (os_windows.cpp:3551), pid=29644, tid=27368
#
# JRE version:  (17.0.14+8) (build )
# Java VM: Java HotSpot(TM) 64-Bit Server VM (17.0.14+8-LTS-191, mixed mode, emulated-client, sharing, tiered, compressed oops, compressed class ptrs, g1 gc, windows-amd64)
# No core dump will be written. Minidumps are not enabled by default on client versions of Windows
#

---------------  S U M M A R Y ------------

Command Line: -XX:TieredStopAtLevel=1 -Dspring.output.ansi.enabled=always -Dcom.sun.management.jmxremote -Dspring.jmx.enabled=true -Dspring.liveBeansView.mbeanDomain -Dspring.application.admin.enabled=true -Dmanagement.endpoints.jmx.exposure.include=* -javaagent:C:\Program Files\JetBrains\IntelliJ IDEA 2024.3.3\lib\idea_rt.jar=56382:C:\Program Files\JetBrains\IntelliJ IDEA 2024.3.3\bin -Dfile.encoding=UTF-8 com.godLife.project.ProjectApplication

Host: 11th Gen Intel(R) Core(TM) i5-1155G7 @ 2.50GHz, 8 cores, 7G,  Windows 11 , 64 bit Build 22621 (10.0.22621.4830)
Time: Thu Feb 20 13:59:40 2025  Windows 11 , 64 bit Build 22621 (10.0.22621.4830) elapsed time: 0.013503 seconds (0d 0h 0m 0s)

---------------  T H R E A D  ---------------

Current thread (0x000001937c8dc560):  JavaThread "Unknown thread" [_thread_in_vm, id=27368, stack(0x00000085a5700000,0x00000085a5800000)]

Stack: [0x00000085a5700000,0x00000085a5800000]
Native frames: (J=compiled Java code, j=interpreted, Vv=VM code, C=native code)
V  [jvm.dll+0x67a38a]
V  [jvm.dll+0x7da7ed]
V  [jvm.dll+0x7dc133]
V  [jvm.dll+0x7dc7a3]
V  [jvm.dll+0x24517f]
V  [jvm.dll+0x6773b9]
V  [jvm.dll+0x66c062]
V  [jvm.dll+0x302096]
V  [jvm.dll+0x309636]
V  [jvm.dll+0x359f8e]
V  [jvm.dll+0x35a1bf]
V  [jvm.dll+0x2d9168]
V  [jvm.dll+0x2da0d4]
V  [jvm.dll+0x7acf71]
V  [jvm.dll+0x3677f1]
V  [jvm.dll+0x78bdf9]
V  [jvm.dll+0x3ecbaf]
V  [jvm.dll+0x3ee7e1]
C  [jli.dll+0x5297]
C  [ucrtbase.dll+0x29333]
C  [KERNEL32.DLL+0x1259d]
C  [ntdll.dll+0x5af38]


---------------  P R O C E S S  ---------------

Threads class SMR info:
_java_thread_list=0x00007ffc270d8a18, length=0, elements={
}

Java Threads: ( => current thread )

Other Threads:
  0x000001937c9361a0 GCTaskThread "GC Thread#0" [stack: 0x00000085a5800000,0x00000085a5900000] [id=25140]
  0x000001937c946870 ConcurrentGCThread "G1 Main Marker" [stack: 0x00000085a5900000,0x00000085a5a00000] [id=4928]
  0x000001937c948290 ConcurrentGCThread "G1 Conc#0" [stack: 0x00000085a5a00000,0x00000085a5b00000] [id=27672]

[error occurred during error reporting (printing all threads), id 0xc0000005, EXCEPTION_ACCESS_VIOLATION (0xc0000005) at pc=0x00007ffc26909c57]

VM state: not at safepoint (not fully initialized)

VM Mutex/Monitor currently owned by a thread:  ([mutex/lock_event])
[0x000001937c8d8b70] Heap_lock - owner thread: 0x000001937c8dc560

Heap address: 0x0000000084400000, size: 1980 MB, Compressed Oops mode: 32-bit

CDS archive(s) mapped at: [0x0000000000000000-0x0000000000000000-0x0000000000000000), size 0, SharedBaseAddress: 0x0000000800000000, ArchiveRelocationMode: 1.
Narrow klass base: 0x0000000000000000, Narrow klass shift: 0, Narrow klass range: 0x0

GC Precious Log:
<Empty>

Heap:
 garbage-first heap   total 0K, used 0K [0x0000000084400000, 0x0000000100000000)
  region size 1024K, 0 young (0K), 0 survivors (0K)

[error occurred during error reporting (printing heap information), id 0xc0000005, EXCEPTION_ACCESS_VIOLATION (0xc0000005) at pc=0x00007ffc26cf3b79]

GC Heap History (0 events):
No events

Deoptimization events (0 events):
No events

Classes unloaded (0 events):
No events

Classes redefined (0 events):
No events

Internal exceptions (0 events):
No events

VM Operations (0 events):
No events

Events (1 events):
Event: 0.010 Loaded shared library C:\Program Files\Java\jdk-17\bin\java.dll


Dynamic libraries:
0x00007ff72d560000 - 0x00007ff72d570000 	C:\Program Files\Java\jdk-17\bin\java.exe
0x00007ffcac250000 - 0x00007ffcac467000 	C:\Windows\SYSTEM32\ntdll.dll
0x00007ffcab610000 - 0x00007ffcab6d4000 	C:\Windows\System32\KERNEL32.DLL
0x00007ffca9500000 - 0x00007ffca98d0000 	C:\Windows\System32\KERNELBASE.dll
0x00007ffca9950000 - 0x00007ffca9a61000 	C:\Windows\System32\ucrtbase.dll
0x00007ffc91fa0000 - 0x00007ffc91fbb000 	C:\Program Files\Java\jdk-17\bin\VCRUNTIME140.dll
0x00007ffc92050000 - 0x00007ffc92069000 	C:\Program Files\Java\jdk-17\bin\jli.dll
0x00007ffcaa590000 - 0x00007ffcaa641000 	C:\Windows\System32\ADVAPI32.dll
0x00007ffcab1a0000 - 0x00007ffcab247000 	C:\Windows\System32\msvcrt.dll
0x00007ffcab860000 - 0x00007ffcab907000 	C:\Windows\System32\sechost.dll
0x00007ffca9db0000 - 0x00007ffca9dd8000 	C:\Windows\System32\bcrypt.dll
0x00007ffcab040000 - 0x00007ffcab154000 	C:\Windows\System32\RPCRT4.dll
0x00007ffcab910000 - 0x00007ffcababe000 	C:\Windows\System32\USER32.dll
0x00007ffca9be0000 - 0x00007ffca9c06000 	C:\Windows\System32\win32u.dll
0x00007ffcab160000 - 0x00007ffcab189000 	C:\Windows\System32\GDI32.dll
0x00007ffc860a0000 - 0x00007ffc86332000 	C:\Windows\WinSxS\amd64_microsoft.windows.common-controls_6595b64144ccf1df_6.0.22621.4830_none_270fe7d773858e80\COMCTL32.dll
0x00007ffca9c90000 - 0x00007ffca9dab000 	C:\Windows\System32\gdi32full.dll
0x00007ffca9ea0000 - 0x00007ffca9f3a000 	C:\Windows\System32\msvcp_win.dll
0x00007ffc9dda0000 - 0x00007ffc9ddaa000 	C:\Windows\SYSTEM32\VERSION.dll
0x00007ffcab2b0000 - 0x00007ffcab2e1000 	C:\Windows\System32\IMM32.DLL
0x00007ffc932e0000 - 0x00007ffc932ec000 	C:\Program Files\Java\jdk-17\bin\vcruntime140_1.dll
0x00007ffc516f0000 - 0x00007ffc5177e000 	C:\Program Files\Java\jdk-17\bin\msvcp140.dll
0x00007ffc26620000 - 0x00007ffc27201000 	C:\Program Files\Java\jdk-17\bin\server\jvm.dll
0x00007ffcab030000 - 0x00007ffcab038000 	C:\Windows\System32\PSAPI.DLL
0x00007ffca6f70000 - 0x00007ffca6fa4000 	C:\Windows\SYSTEM32\WINMM.dll
0x00007ffc964f0000 - 0x00007ffc964f9000 	C:\Windows\SYSTEM32\WSOCK32.dll
0x00007ffcabaf0000 - 0x00007ffcabb61000 	C:\Windows\System32\WS2_32.dll
0x00007ffca8630000 - 0x00007ffca8648000 	C:\Windows\SYSTEM32\kernel.appcore.dll
0x00007ffc92400000 - 0x00007ffc9240a000 	C:\Program Files\Java\jdk-17\bin\jimage.dll
0x00007ffca6c60000 - 0x00007ffca6e92000 	C:\Windows\SYSTEM32\DBGHELP.DLL
0x00007ffcabe80000 - 0x00007ffcac210000 	C:\Windows\System32\combase.dll
0x00007ffcabb70000 - 0x00007ffcabc47000 	C:\Windows\System32\OLEAUT32.dll
0x00007ffca6f00000 - 0x00007ffca6f32000 	C:\Windows\SYSTEM32\dbgcore.DLL
0x00007ffca98d0000 - 0x00007ffca994b000 	C:\Windows\System32\bcryptPrimitives.dll
0x00007ffc922d0000 - 0x00007ffc922de000 	C:\Program Files\Java\jdk-17\bin\instrument.dll
0x00007ffc91bb0000 - 0x00007ffc91bd5000 	C:\Program Files\Java\jdk-17\bin\java.dll

dbghelp: loaded successfully - version: 4.0.5 - missing functions: none
symbol engine: initialized successfully - sym options: 0x614 - pdb path: .;C:\Program Files\Java\jdk-17\bin;C:\Windows\SYSTEM32;C:\Windows\WinSxS\amd64_microsoft.windows.common-controls_6595b64144ccf1df_6.0.22621.4830_none_270fe7d773858e80;C:\Program Files\Java\jdk-17\bin\server

VM Arguments:
jvm_args: -XX:TieredStopAtLevel=1 -Dspring.output.ansi.enabled=always -Dcom.sun.management.jmxremote -Dspring.jmx.enabled=true -Dspring.liveBeansView.mbeanDomain -Dspring.application.admin.enabled=true -Dmanagement.endpoints.jmx.exposure.include=* -javaagent:C:\Program Files\JetBrains\IntelliJ IDEA 2024.3.3\lib\idea_rt.jar=56382:C:\Program Files\JetBrains\IntelliJ IDEA 2024.3.3\bin -Dfile.encoding=UTF-8 
java_command: com.godLife.project.ProjectApplication
java_class_path (initial): C:\workspace\project\backEnd\target\classes;C:\Users\dydrl\.m2\repository\org\springframework\boot\spring-boot-starter-thymeleaf\3.4.2\spring-boot-starter-thymeleaf-3.4.2.jar;C:\Users\dydrl\.m2\repository\org\springframework\boot\spring-boot-starter\3.4.2\spring-boot-starter-3.4.2.jar;C:\Users\dydrl\.m2\repository\org\springframework\boot\spring-boot-starter-logging\3.4.2\spring-boot-starter-logging-3.4.2.jar;C:\Users\dydrl\.m2\repository\ch\qos\logback\logback-classic\1.5.16\logback-classic-1.5.16.jar;C:\Users\dydrl\.m2\repository\ch\qos\logback\logback-core\1.5.16\logback-core-1.5.16.jar;C:\Users\dydrl\.m2\repository\org\apache\logging\log4j\log4j-to-slf4j\2.24.3\log4j-to-slf4j-2.24.3.jar;C:\Users\dydrl\.m2\repository\org\apache\logging\log4j\log4j-api\2.24.3\log4j-api-2.24.3.jar;C:\Users\dydrl\.m2\repository\org\slf4j\jul-to-slf4j\2.0.16\jul-to-slf4j-2.0.16.jar;C:\Users\dydrl\.m2\repository\jakarta\annotation\jakarta.annotation-api\2.1.1\jakarta.annotation-api-2.1.1.jar;C:\Users\dydrl\.m2\repository\org\yaml\snakeyaml\2.3\snakeyaml-2.3.jar;C:\Users\dydrl\.m2\repository\org\thymeleaf\thymeleaf-spring6\3.1.3.RELEASE\thymeleaf-spring6-3.1.3.RELEASE.jar;C:\Users\dydrl\.m2\repository\org\thymeleaf\thymeleaf\3.1.3.RELEASE\thymeleaf-3.1.3.RELEASE.jar;C:\Users\dydrl\.m2\repository\org\attoparser\attoparser\2.0.7.RELEASE\attoparser-2.0.7.RELEASE.jar;C:\Users\dydrl\.m2\repository\org\unbescape\unbescape\1.1.6.RELEASE\unbescape-1.1.6.RELEASE.jar;C:\Users\dydrl\.m2\repository\org\slf4j\slf4j-api\2.0.16\slf4j-api-2.0.16.jar;C:\Users\dydrl\.m2\repository\org\springframework\boot\spring-boot-starter-validation\3.4.2\spring-boot-starter-validation-3.4.2.jar;C:\Users\dydrl\.m2\repository\org\apache\tomcat\embed\tomcat-embed-el\10.1.34\tomcat-embed-el-10.1.34.jar;C:\Users\dydrl\.m2\repository\org\hibernate\validator\hibernate-validator\8.0.2.Final\hibernate-validator-8.0.2.Final.jar;C:\Users\dydrl\.m2\repository\jakarta\validation\jakarta.validation-ap
Launcher Type: SUN_STANDARD

[Global flags]
     intx CICompilerCount                          = 4                                         {product} {ergonomic}
     uint ConcGCThreads                            = 2                                         {product} {ergonomic}
     uint G1ConcRefinementThreads                  = 8                                         {product} {ergonomic}
   size_t G1HeapRegionSize                         = 1048576                                   {product} {ergonomic}
    uintx GCDrainStackTargetSize                   = 64                                        {product} {ergonomic}
   size_t InitialHeapSize                          = 130023424                                 {product} {ergonomic}
     bool ManagementServer                         = true                                      {product} {command line}
   size_t MarkStackSize                            = 4194304                                   {product} {ergonomic}
   size_t MaxHeapSize                              = 2076180480                                {product} {ergonomic}
   size_t MinHeapDeltaBytes                        = 1048576                                   {product} {ergonomic}
   size_t MinHeapSize                              = 8388608                                   {product} {ergonomic}
    uintx NonProfiledCodeHeapSize                  = 0                                      {pd product} {ergonomic}
     bool ProfileInterpreter                       = false                                  {pd product} {command line}
    uintx ProfiledCodeHeapSize                     = 0                                      {pd product} {ergonomic}
   size_t SoftMaxHeapSize                          = 2076180480                             {manageable} {ergonomic}
     intx TieredStopAtLevel                        = 1                                         {product} {command line}
     bool UseCompressedClassPointers               = true                           {product lp64_product} {ergonomic}
     bool UseCompressedOops                        = true                           {product lp64_product} {ergonomic}
     bool UseG1GC                                  = true                                      {product} {ergonomic}
     bool UseLargePagesIndividualAllocation        = false                                  {pd product} {ergonomic}

Logging:
Log output configuration:
 #0: stdout all=warning uptime,level,tags
 #1: stderr all=off uptime,level,tags

Environment Variables:
JAVA_HOME=C:\Program Files\Java\jdk-17
PATH=C:\app\Administrator\product\23ai\dbhomeFree\bin;C:\app\PJS\product\23ai\dbhomeFree\bin;C:\Program Files\Java\jdk-17\bin;C:\Program Files\nodejs;C:\Users\dydrl\AppData\Roaming\npm;C:\Program Files\Common Files\Oracle\Java\javapath;C:\Windows\system32;C:\Windows;C:\Windows\System32\Wbem;C:\Windows\System32\WindowsPowerShell\v1.0\;C:\Windows\System32\OpenSSH\;C:\Program Files\nodejs\;C:\Users\dydrl\AppData\Local\Microsoft\WindowsApps;C:\Users\dydrl\AppData\Local\Programs\Git\cmd;C:\Users\dydrl\AppData\Roaming\npm
USERNAME=dydrl
OS=Windows_NT
PROCESSOR_IDENTIFIER=Intel64 Family 6 Model 140 Stepping 2, GenuineIntel



---------------  S Y S T E M  ---------------

OS:
 Windows 11 , 64 bit Build 22621 (10.0.22621.4830)
OS uptime: 1 days 14:38 hours

CPU: total 8 (initial active 8) (4 cores per cpu, 2 threads per core) family 6 model 140 stepping 2 microcode 0x16, cx8, cmov, fxsr, ht, mmx, 3dnowpref, sse, sse2, sse3, ssse3, sse4.1, sse4.2, popcnt, lzcnt, tsc, tscinvbit, avx, avx2, aes, erms, clmul, bmi1, bmi2, adx, avx512f, avx512dq, avx512cd, avx512bw, avx512vl, sha, fma, vzeroupper, avx512_vpopcntdq, avx512_vpclmulqdq, avx512_vaes, avx512_vnni, clflush, clflushopt, clwb, avx512_vbmi2, avx512_vbmi

Memory: 4k page, system-wide physical 7916M (232M free)
TotalPageFile size 32492M (AvailPageFile size 99M)
current process WorkingSet (physical memory assigned to process): 11M, peak: 11M
current process commit charge ("private bytes"): 55M, peak: 179M

vm_info: Java HotSpot(TM) 64-Bit Server VM (17.0.14+8-LTS-191) for windows-amd64 JRE (17.0.14+8-LTS-191), built on Dec  3 2024 11:07:59 by "mach5one" with MS VC++ 17.6 (VS2022)

END.
